1616597726029	geckodriver	INFO	Listening on 127.0.0.1:59971
1616597729101	mozrunner::runner	INFO	Running command: "C:\\Program Files\\Mozilla Firefox\\firefox.exe" "--marionette" "-foreground" "-no-remote" "-profile" "C:\\Users\\shubh\\AppData\\Local\\Temp\\rust_mozprofileyU66RK"
console.warn: SearchSettings: "get: No settings file exists, new profile?" (new Error("", "(unknown module)"))
1616597738369	Marionette	INFO	Listening on port 59979
1616597740493	Marionette	WARN	TLS certificate errors will be ignored for this session
1616597936160	Marionette	INFO	Stopped listening on port 59979

###!!! [Child][RunMessage] Error: Channel closing: too late to send/recv, messages will be lost

 command: "C:\\Program Files\\Mozilla Firefox\\firefox.exe" "--marionette" "-foreground" "-no-remote" "-profile" "C:\\Users\\shubh\\AppData\\Local\\Temp\\rust_mozprofileLQg8IR"
console.warn: SearchSettings: "get: No settings file exists, new profile?" (new Error("", "(unknown module)"))
1616597862581	Marionette	INFO	Listening on port 60066
1616597862965	Marionette	WARN	TLS certificate errors will be ignored for this session
1616597937769	Marionette	INFO	Stopped listening on port 60066

###!!! [Child][RunMessage] Error: Channel closing: too late to send/recv, messages will be lost

"--marionette" "-foreground" "-no-remote" "-profile" "C:\\Users\\shubh\\AppData\\Local\\Temp\\rust_mozprofileJFbliH"
console.warn: SearchSettings: "get: No settings file exists, new profile?" (new Error("", "(unknown module)"))
1616597896297	Marionette	INFO	Listening on port 60139
1616597896829	Marionette	WARN	TLS certificate errors will be ignored for this session
console.log: WebExtensions: reset-default-search: No addons in our list are installed.
1616599414667	Marionette	INFO	Stopped listening on port 60139

###!!! [Child][RunMessage] Error: Channel closing: too late to send/recv, messages will be lost


###!!! [Parent][RunMessage] Error: Channel closing: too late to send/recv, messages will be lost

" (new Error("", "(unknown module)"))
1616597972351	Marionette	INFO	Listening on port 60250
1616597972633	Marionette	WARN	TLS certificate errors will be ignored for this session
JavaScript error: https://www.sanfoundry.com/1000-database-management-system-questions-answers/#relational-model line 1 > injectedScript, line 2: TypeError: document.getElementById(...) is null
1616598067734	Marionette	WARN	Ignoring event 'pageshow' because document has an invalid readyState of 'uninitialized'.
JavaScript error: https://www.sanfoundry.com/1000-database-management-system-questions-answers/, line 1: ReferenceError: osdlfm is not defined
JavaScript error: https://eb8276c57b35250cf9dc7539873aa20f.safeframe.googlesyndication.com/safeframe/1-0-37/html/container.html, line 1: ReferenceError: buildAttribution is not defined
SourceActor threw an exception: [Exception... "Failed to open input source 'javascript:close()'"  nsresult: "0x80040111 (NS_ERROR_NOT_AVAILABLE)"  location: "JS frame :: resource://devtools/shared/DevToolsUtils.js :: mainThreadFetch/< :: line 670"  data: yes]
Stack: mainThreadFetch/<@resource://devtools/shared/DevToolsUtils.js:670:15
mainThreadFetch@resource://devtools/shared/DevToolsUtils.js:516:10
_fetchURLContents@resource://devtools/server/actors/utils/sources-manager.js:439:22
urlContents@resource://devtools/server/actorconsole.log: WebExtensions: reset-default-search: No addons in our list are installed.
[Parent 20888, IPC I/O Parent] WARNING: file /builds/worker/checkouts/gecko/ipc/chromium/src/base/process_util_win.cc:167
1616599428548	Marionette	INFO	Stopped listening on port 54114

###!!! [Child][RunMessage] Error: Channel closing: too late to send/recv, messages will be lost

gets/target-actor-mixin.js:97:24
addWatcherDataEntry@resource://devtools/server/actors/targets/target-actor-mixin.js:34:20
_addWatcherDataEntry@resource://devtools/server/connectors/js-window-actor/DevToolsFrameChild.jsm:412:24
receiveMessage@resource://devtools/server/connectors/js-window-actor/DevToolsFrameChild.jsm:354:21
Line: 670, column: 0
console.error: ({})
JavaScript error: resource://devtools/shared/DevToolsUtils.js, line 670: NS_ERROR_NOT_AVAILABLE: Failed to open input source 'javascript:close()'
SourceActor threw an exception: [Exception... "Component returned failure code: 0x80470002 (NS_BASE_STREAM_CLOSED) [nsIInputStream.available]"  nsresult: "0x80470002 (NS_BASE_STREAM_CLOSED)"  location: "JS frame :: resource://devtools/shared/DevToolsUtils.js :: onResponse :: line 567"  data: no]
Stack: onResponse@resource://devtools/shared/DevToolsUtils.js:567:34
onStopRequest@resource://gre/modules/NetUtil.jsm:128:18
Line: 567, column: 0
console.error: ({})
JavaScript error: resource://devtools/shared/DevToolsUtils.js, line 567: NS_BASE_STREAM_CLOSED: Component returned failure code: 0x80470002 (NS_BASE_STREAM_CLOSED) [nsIInputStream.available]
console.error: (new TypeError("this.nodeHierarchy[this.currentIndex] is undefined", "resource://devtools/client/inspector/breadcrumbs.js", 805))
console.error: (new TypeError("this.nodeHierarchy[this.currentIndex] is undefined", "resource://devtools/client/inspector/breadcrumbs.js", 805))
console.log: WebExtensions: reset-default-search: No addons in our list are installed.
1616599426459	Marionette	INFO	Stopped listening on port 60250
1616651526823	geckodriver	INFO	Listening on 127.0.0.1:53213
1616651529968	mozrunner::runner	INFO	Running command: "C:\\Program Files\\Mozilla Firefox\\firefox.exe" "--marionette" "-foreground" "-no-remote" "-profile" "C:\\Users\\shubh\\AppData\\Local\\Temp\\rust_mozprofilejzieUo"
console.warn: SearchSettings: "get: No settings file exists, new profile?" (new Error("", "(unknown module)"))
1616651545213	Marionette	INFO	Listening on port 53221
1616651545960	Marionette	WARN	TLS certificate errors will be ignored for this session
JavaScript error: https://www.sanfoundry.com/1000-database-management-system-questions-answers/#relational-model line 1 > injectedScript, line 2: TypeError: document.getElementById(...) is null
JavaScript error: https://s0.2mdn.net/5879404/1615882254405/index.html, line 151: TypeError: a.a is null
JavaScript error: https://s0.2mdn.net/5879404/1615882254405/index.html, line 166: TypeError: this.a is null
SourceActor threw an exception: [Exception... "Failed to open input source 'javascript:close()'"  nsresult: "0x80040111 (NS_ERROR_NOT_AVAILABLE)"  location: "JS frame :: resource://devtools/shared/DevToolsUtils.js :: mainThreadFetch/< :: line 670"  data: yes]
Stack: mainThreadFetch/<@resource://devtools/shared/DevToolconsole.log: WebExtensions: reset-default-search: No addons in our list are installed.
JavaScript error: resource:///modules/WindowsJumpLists.jsm, line 248: TypeError: this._builder is undefined
1616652658442	Marionette	INFO	Stopped listening on port 56513

###!!! [Child][RunMessage] Error: Channel closing: too late to send/recv, messages will be lost

actors/thread.js:1509:14
watch@resource://devtools/server/actors/resources/sources.js:52:17
watchResources@resource://devtools/server/actors/resources/index.js:214:19
_watchTargetResources@resource://devtools/server/actors/targets/target-actor-mixin.js:97:24
addWatcherDataEntry@resource://devtools/server/actors/targets/target-actor-mixin.js:34:20
_addWatcherDataEntry@resource://devtools/server/connectors/js-window-actor/DevToolsFrameChild.jsm:412:24
receiveMessconsole.log: WebExtensions: reset-default-search: No addons in our list are installed.
[Parent 17812, IPC I/O Parent] WARNING: file /builds/worker/checkouts/gecko/ipc/chromium/src/base/process_util_win.cc:167
1616652660333	Marionette	INFO	Stopped listening on port 56634

###!!! [Child][RunMessage] Error: Channel closing: too late to send/recv, messages will be lost

ASE_STREAM_CLOSED) [nsIInputStream.available]"  nsresult: "0x80470002 (NS_BASE_STREAM_CLOSED)"  location: "JS frame :: resource://devtools/shared/DevToolsUtils.console.log: WebExtensions: reset-default-search: No addons in our list are installed.
1616652652392	Marionette	INFO	Stopped listening on port 56966

###!!! [Child][RunMessage] Error: Channel closing: too late to send/recv, messages will be lost

ared/DevToolsUtils.js, line 567: NS_BASE_STREAM_CLOSED: Component returned failure code: 0x80470002 (NS_BASE_STREAM_CLOSED) [nsIInputStream.available]
console.log: WebExtensions: reset-default-search: No addons in our list are installed.
JavaScript error: resource://gre/actors/PictureInPictureChild.jsm, line 571: TypeError: this.contentWindow is null
JavaScript error: https://www.sanfoundry.com/database-mcqs-relational-database-schema/ line 1 > injectedScript, line 2: TypeError: document.getElementById(...) is null
JavaScript error: resource://gre/actors/PictureInPictureChild.jsm, line 301: InvalidStateError: JSWindowActorChild.contentWindow getter: Cannot access property 'contentWindow' after actor 'PictureInPictureToggle' has been destroyed
console.error: "Error while calling actor 'layout's method 'getGrids'" "node is null"
console.error: "getGrids@resource://devtools/server/actors/layout.js:502:26\ngetGrids@resource://devtools/server/actors/layout.js:507:43\nhandler@resource://devtools/shared/protocol/Actor.js:172:37\nonPacket@resource://devtools/server/devtools-server-connection.js:379:58\nreceiveMessage@resource://devtools/shared/transport/child-transport.js:68:16\n"
console.error: "Error while calling actor 'layout's method 'getGrids'" "node is null"
console.error: "getGrids@resource://devtools/server/actors/layout.js:502:26\ngetGrids@resource://devtools/server/actors/layout.js:507:43\nhandler@resource://devtools/shared/protocol/Actor.js:172:37\nonPacket@resource://devtools/server/devtools-server-connection.js:379:58\nreceiveMessage@resource://devtools/shared/transport/child-transport.js:68:16\n"
console.error: "Error while calling actor 'layout's method 'getGrids'" "node is null"
console.error: "getGrids@resource://devtools/server/actors/layout.js:502:26\ngetGrids@resource://devtools/server/actors/layout.js:507:43\ngetGrids@resource://devtools/server/actors/layout.js:507:43\nhandler@resource://devtools/shared/protocol/Actor.js:172:37\nonPacket@resource://devtools/server/devtools-server-connection.js:379:58\nreceiveMessage@resource://devtools/shared/transport/child-transport.js:68:16\n"
console.error: "Error while calling actor 'layout's method 'getGrids'" "node is null"
console.error: "getGrids@resource://devtools/server/actors/layout.js:502:26\ngetGrids@resource://devtools/server/actors/layout.js:507:43\ngetGrids@resource://devtools/server/actors/layout.js:507:43\nhandler@resource://devtools/shared/protocol/Actor.js:172:37\nonPacket@resource://devtools/server/devtools-server-connection.js:379:58\nreceiveMessage@resource://devtools/shared/transport/child-transport.js:68:16\n"
JavaScript error: resource://gre/actors/PictureInPictureChild.jsm, line 301: InvalidStateError: JSWindowActorChild.contentWindow getter: Cannot access property 'contentWindow' after actor 'PictureInPictureToggle' has been destroyed
JavaScript error: resource://gre/actors/PictureInPictureChild.jsm, line 301: InvalidStateError: JSWindowActorChild.contentWindow getter: Cannot access property 'contentWindow' after actor 'PictureInPictureToggle' has been destroyed
[Parent 10324, IPC I/O Parent] WARNING: file /builds/worker/checkouts/gecko/ipc/chromium/src/base/process_util_win.cc:167
1616652696949	Marionette	INFO	Stopped listening on port 53221

###!!! [Child][RunMessage] Error: Channel closing: too late to send/recv, messages will be lost

rce://gre/modules/XULStore.jsm, line 66: Error: Can't find profile directory.
console.error: services.settings: 
  security-state/intermediates Signature failed  TypeError: NetworkError when attempting to fetch resource.
console.error: services.settings: 
  Message: TypeError: NetworkError when attempting to fetch resource.
console.warn: services.settings: security-state/cert-revocations sync interrupted by shutdown
console.warn: services.settings: main/normandy-recipes-capabilities sync interrupted by shutdown
console.warn: services.settings: blocklists/addons-bloomfilters sync interrupted by shutdo[Parent 17280, IPC I/O Parent] WARNING: file /builds/worker/checkouts/gecko/ipc/chromium/src/base/process_util_win.cc:167
1616652653840	Marionette	INFO	Stopped listening on port 52318
vices.settings: main/cfr sync interrupted by shutdown
console.warn: services.settings: main/whats-new-panel sync interrupted by shutdown
console.warn: services.settings: main/cfr-fxa sync interrupted by shutdown
console.warn: services.settings: security-state/onecrl sync interrupted by shutdown
console.warn: services.settings: main/search-config sync interrupted by shutdown
console.warn: services.settings: main/search-telemetry sync interrupted by shutdown
console.warn: services.settings: main/websites-with-shared-credential-backends sync interrupted by shutdown
console.warn: services.settings: main/pioneer-study-addons-v1 sync interrupted by shutdown
console.warn: services.settings: main/url-classifier-skip-urls sync interrupted by shutdown
console.warn: services.settings: blocklists/gfx sync interrupted by 1616652655464	Marionette	INFO	Stopped listening on port 52506

###!!! [Child][RunMessage] Error: Channel closing: too late to send/recv, messages will be lost

 by shutdown
console.warn: services.settings: main/password-recipes sync interrupted by shutdown
console.warn: services.settings: main/message-groups sync interrupted by shutdown
console.warn: services.settings: main/search-default-override-allowlist sync interrupted by shutdown
console.warn: services.settings: main/partitioning-exempt-urls sync interrupted by shutdown
console.warn: services.settings: main/public-suffix-list sync interrupted by shutdown
console.warn: services.settings: main/language-dictionaries sync interrupted by shutdown
console.warn: services.settings: main/anti-tracking-url-decoration sync interrupted by shutdown
console.warn: services.settings: main/sites-classification sync interrupted by shutdown
console.warn: services.settings: pinning/pins sync interrupted by shutdown
1616652636174	Marionette	INFO	Stopped listening on port 64708

###!!! [Child][RunMessage] Error: Channel closing: too late to send/recv, messages will be lost

ource://gre/modules/AsyncShutdown.jsm, line 575: uncaught exception: 2147500036
1616652512127	Marionette	INFO	Stopped listening on port 53212

###!!! [Child][RunMessage] Error: Channel closing: too late to send/recv, messages will be lost

JavaScript error: resource:///modules/EveryWindow.jsm, line 37: NS_ERROR_UNEXPECTED: Component returned failure code: 0x8000ffff (NS_ERROR_UNEXPECTED) [nsIWindowMediator.getEnumerator]
1616652537819	geckodriver	INFO	Listening on 127.0.0.1:53447
1616652540824	mozrunner::runner	INFO	Running command: "C:\\Program Files\\Mozilla Firefox\\firefox.exe" "--marionette" "-foreground" "-no-remote" "-profile" "C:\\Users\\shubh\\AppData\\Local\\Temp\\rust_mozprofile0hHKgk"
console.warn: SearchSettings: "get: No settings file exists, new profile?" (new Error("", "(unknown module)"))
console.error: Region.jsm: "Error fetching region" (new AbortError("The operation was aborted. ", (void 0), 770))
console.error: Region.jsm: "Failed to fetch region" (new Error("NO_RESULT", "resource://gre/modules/Region.jsm", 419))
1616652577394	Marionette	INFO	Listening on port 53455
1616652579429	Marionette	WARN	TLS certificate errors will be ignored for this session
JavaScript error: https://www.sanfoundry.com/database-mcqs-relational-database-schema/ line 1 > injectedScript, line 2: TypeError: document.getElementById(...) is null
JavaScript error: resource://gre/modules/XULStore.jsm, line 66: Error: Can't find profile directory.
JavaScript error: https://tpc.googlesyndication.com/sadbundle/$csp%3Der3$/1499684944288867290/index.html#t=4021382451773865821&p=https%3A%2F%2Fc9fae9ccd6b4a83a113fdf5544c9dcdd.safeframe.googlesyndication.com, line 276: TypeError: studio.Enabler is undefined
1616652657457	Marionetconsole.warn: SearchSettings: "get: No settings file exists, new profile?" (new Error("", "(unknown module)"))
1616652662093	Marionette	INFO	Listening on port 57642
1616652662136	Marionette	WARN	TLS certificate errors will be ignored for this session
1616652694793	Marionette	INFO	Stopped listening on port 57642

###!!! [Child][RunMessage] Error: Channel closing: too late to send/recv, messages will be lost

1616652734798	geckodriver	INFO	Listening on 127.0.0.1:57737
1616652737887	mozrunner::runner	INFO	Running command: "C:\\Program Files\\Mozilla Firefox\\firefox.exe" "--marionette" "-foreground" "-no-remote" "-profile" "C:\\Users\\shubh\\AppData\\Local\\Temp\\rust_mozprofileGq7hlg"
console.warn: SearchSettings: "get: No settings file exists, new profile?" (new Error("", "(unknown module)"))
1616652742148	Marionette	INFO	Listening on port 57745
1616652742230	Marionette	WARN	TLS certificate errors will be ignored for this session
JavaScript error: https://www.sanfoundry.com/database-mcqs-relational-database-schema/ line 1 > injectedScript, line 2: TypeError: document.getElementById(...) is null
JavaScript error: resource://gre/modules/XULStore.jsm, line 66: Error: Can't find profile directory.
JavaScript warning: https://adpushup.bbvms.com/launchpad/?1616652747984, line 1: unreachable code after return statement
JavaScript warning: https://adpushup.bbvms.com/launchpad/?1616652747984 line 291 > eval, line 1: unreachable code after return statement
console.warn: services.settings: security-state/intermediates sync interrupted by shutdown
console.warn: services.settings: security-state/cert-revocations sync interrupted by shutdown
console.warn: services.settings: blocklists/addons-bloomfilters sync interrupted by shutdown
console.warn: services.settings: main/fxmonitor-breaches sync interrupted by shutdown
console.warn: services.settings: main/top-sites sync interrupted by shutdown
console.warn: services.settings: main/cfr sync interrupted by shutdown
[Parent 3044, IPC I/O Parent] WARNING: file /builds/worker/checkouts/gecko/ipc/chromium/src/base/process_util_win.cc:167
1616653138870	Marionette	INFO	Stopped listening on port 57745
database-mcqs-relational-database-schema/ line 1 > injectedScript, line 2: TypeError: document.getElementById(...) is null
JavaScript error: resource://gre/modules/XULStore.jsm, line 66: Error: Can't find profile directory.
JavaScript warning: https://adpushup.bbvms.com/launchpad/?1616652852707, line 1: unreachable code after return statement
JavaScript warning: https://adpushup.bbvms.com/launchpad/?1616652852707 line 291 > eval, line 1: unreachable code after return statement
JavaScript error: , line 0: NotFoundError: No such JSWindowActor 'MarionetteEvents'
JavaScript error: , line 0: NotFoundError: No such JSWindowActor 'MarionetteEvents'
1616653135019	Marionette	INFO	Stopped listening on port 54766
6652999051	mozrunner::runner	INFO	Running command: "C:\\Program Files\\Mozilla Firefox\\firefox.exe" "--marionette" "-foreground" "-no-remote" "-profile" "C:\\Users\\shubh\\AppData\\Local\\Temp\\rust_mozprofileR5D0uJ"
console.warn: SearchSettings: "get: No settings file exists, new profile?" (new Error("", "(unknown module)"))
1616653010912	Marionette	INFO	Listening on port 52726
1616653011513	Marionette	WARN	TLS certificate errors will be ignored for this session
JavaScript error: https://www.sanfoundry.com/database-mcqs-relational-database-schema/ line 1 > injectedScript, line 2: TypeError: document.getElementById(...) is null
JavaScript warning: https://adpushup.bbvms.com/launchpad/?1616653030171, line 1: unreachable code after return statement
JavaScript warning: https://adpushup.bbvms.com/launchpad/?1616653030171 line 291 > eval, line 1: unreachable code after return statement
JavaScript error: resource:///modules/WindowsJumpLists.jsm, line 297: TypeError: this._builder is undefined

###!!! [Child][RunMessage] Error: Channel closing: too late to send/recv, messages will be lost


###!!! [Child][RunMessage] Error: Channel closing: too late to send/recv, messages will be lost


###!!! [Child][RunMessage] Error: Channel closing: too late to send/recv, messages will be lost


###!!! [Child][RunMessage] Error: Channel closing: too late to send/recv, messages will be lost


###!!! [Child][RunMessage] Error: Channel closing: too late to send/recv, messages will be lost


###!!! [Child][RunMessage] Error: Channel closing: too late to send/recv, messages will be lost


###!!! [Child][RunMessage] Error: Channel closing: too late to send/recv, messages will be lost

1616653134934	Marionette	INFO	Stopped listening on port 52726

###!!! [Child][RunMessage] Error: Channel closing: too late to send/recv, messages will be lost

1616654169819	geckodriver	INFO	Listening on 127.0.0.1:52501
1616654172834	mozrunner::runner	INFO	Running command: "C:\\Program Files\\Mozilla Firefox\\firefox.exe" "--marionette" "-foreground" "-no-remote" "-profile" "C:\\Users\\shubh\\AppData\\Local\\Temp\\rust_mozprofilee92BkM"
console.warn: SearchSettings: "get: No settings file exists, new profile?" (new Error("", "(unknown module)"))
1616654177489	Marionette	INFO	Listening on port 52510
1616654177632	Marionette	WARN	TLS certificate errors will be ignored for this session
JavaScript error: https://www.sanfoundry.com/database-mcqs-relational-database-schema/ line 1 > injectedScript, line 2: TypeError: document.getElementById(...) is null
JavaScript error: resource://gre/modules/XULStore.jsm, line 66: Error: Can't find profile directory.
1616654209217	Marionette	WARN	TimedPromise timed out after 5000 ms: stacktrace:
TimedPromise/<@chrome://marionette/content/sync.js:231:19
TimedPromise@chrome://marionette/content/sync.js:216:10
GeckoDriver.prototype.minimizeWindow@chrome://marionette/content/driver.js:2541:11
JavaScript warning: https://adpushup.bbvms.com/launchpad/?1616654216670, line 1: unreachable code after return statement
JavaScript warning: https://adpushup.bbvms.com/launchpad/?1616654216670 line 291 > eval, line 1: unreachable code after return statement

###!!! [Child][MessageChannel] Error: (msgtype=0x3C0001,name=PCookieService::Msg_SetCookies) Closed channel: cannot send/recv


###!!! [Child][MessageChannel] Error: (msgtype=0x6B0027,name=PNecko::Msg_RemoveRequestContext) Closed channel: cannot send/recv


###!!! [Child][MessageChannel] Error: (msgtype=0x3A0157,name=PContent::Msg_InsertNewFocusActionId) Closed channel: cannot send/recv


###!!! [Child][MessageChannel] Error: (msgtype=0x3A0157,name=PContent::Msg_InsertNewFocusActionId) Closed channel: cannot send/recv


###!!! [Child][MessageChannel] Error: (msgtype=0x3A0157,name=PContent::Msg_InsertNewFocusActionId) Closed channel: cannot send/recv


###!!! [Child][MessageChannel] Error: (msgtype=0x3A0157,name=PContent::Msg_InsertNewFocusActionId) Closed channel: cannot send/recv


###!!! [Child][MessageChannel] Error: (msgtype=0x3A0157,name=PContent::Msg_InsertNewFocusActionId) Closed channel: cannot send/recv


###!!! [Child][MessageChannel] Error: (msgtype=0x3A0157,name=PContent::Msg_InsertNewFocusActionId) Closed channel: cannot send/recv


###!!! [Child][MessageChannel] Error: (msgtype=0x3A0157,name=PContent::Msg_InsertNewFocusActionId) Closed channel: cannot send/recv


###!!! [Child][MessageChannel] Error: (msgtype=0x3A0157,name=PContent::Msg_InsertNewFocusActionId) Closed channel: cannot send/recv


###!!! [Child][MessageChannel] Error: (msgtype=0x3A0157,name=PContent::Msg_InsertNewFocusActionId) Closed channel: cannot send/recv


###!!! [Child][MessageChannel] Error: (msgtype=0x3A0157,name=PContent::Msg_InsertNewFocusActionId) Closed channel: cannot send/recv


###!!! [Child][MessageChannel] Error: (msgtype=0x3A0157,name=PContent::Msg_InsertNewFocusActionId) Closed channel: cannot send/recv


###!!! [Child][MessageChannel] Error: (msgtype=0x3A0157,name=PContent::Msg_InsertNewFocusActionId) Closed channel: cannot send/recv


###!!! [Child][MessageChannel] Error: (msgtype=0x3A0157,name=PContent::Msg_InsertNewFocusActionId) Closed channel: cannot send/recv


###!!! [Child][MessageChannel] Error: (msgtype=0x3A0157,name=PContent::Msg_InsertNewFocusActionId) Closed channel: cannot send/recv


###!!! [Child][MessageChannel] Error: (msgtype=0x3A0157,name=PContent::Msg_InsertNewFocusActionId) Closed channel: cannot send/recv


###!!! [Child][MessageChannel] Error: (msgtype=0x3A0157,name=PContent::Msg_InsertNewFocusActionId) Closed channel: cannot send/recv


###!!! [Child][MessageChannel] Error: (msgtype=0x3A0157,name=PContent::Msg_InsertNewFocusActionId) Closed channel: cannot send/recv


###!!! [Child][MessageChannel] Error: (msgtype=0x3A0157,name=PContent::Msg_InsertNewFocusActionId) Closed channel: cannot send/recv


###!!! [Child][MessageChannel] Error: (msgtype=0x3A0157,name=PContent::Msg_InsertNewFocusActionId) Closed channel: cannot send/recv


###!!! [Child][MessageChannel] Error: (msgtype=0x6B0018,name=PNecko::Msg_SpeculativeConnect) Closed channel: cannot send/recv


###!!! [Child][MessageChannel] Error: (msgtype=0x6B0027,name=PNecko::Msg_RemoveRequestContext) Closed channel: cannot send/recv


###!!! [Child][MessageChannel] Error: (msgtype=0x3A0157,name=PContent::Msg_InsertNewFocusActionId) Closed channel: cannot send/recv


###!!! [Child][MessageChannel] Error: (msgtype=0x3A0157,name=PContent::Msg_InsertNewFocusActionId) Closed channel: cannot send/recv


###!!! [Child][MessageChannel] Error: (msgtype=0x3A0157,name=PContent::Msg_InsertNewFocusActionId) Closed channel: cannot send/recv


###!!! [Child][MessageChannel] Error: (msgtype=0x3A0157,name=PContent::Msg_InsertNewFocusActionId) Closed channel: cannot send/recv


###!!! [Child][MessageChannel] Error: (msgtype=0x3A0157,name=PContent::Msg_InsertNewFocusActionId) Closed channel: cannot send/recv


###!!! [Child][MessageChannel] Error: (msgtype=0x3A0157,name=PContent::Msg_InsertNewFocusActionId) Closed channel: cannot send/recv


###!!! [Child][MessageChannel] Error: (msgtype=0x3A0157,name=PContent::Msg_InsertNewFocusActionId) Closed channel: cannot send/recv


###!!! [Child][MessageChannel] Error: (msgtype=0x3A0157,name=PContent::Msg_InsertNewFocusActionId) Closed channel: cannot send/recv


###!!! [Child][MessageChannel] Error: (msgtype=0x3A0157,name=PContent::Msg_InsertNewFocusActionId) Closed channel: cannot send/recv


###!!! [Child][MessageChannel] Error: (msgtype=0x3A0157,name=PContent::Msg_InsertNewFocusActionId) Closed channel: cannot send/recv


###!!! [Child][MessageChannel] Error: (msgtype=0x3A0157,name=PContent::Msg_InsertNewFocusActionId) Closed channel: cannot send/recv


###!!! [Child][MessageChannel] Error: (msgtype=0x3A0157,name=PContent::Msg_InsertNewFocusActionId) Closed channel: cannot send/recv


###!!! [Child][MessageChannel] Error: (msgtype=0x3A0157,name=PContent::Msg_InsertNewFocusActionId) Closed channel: cannot send/recv


###!!! [Child][MessageChannel] Error: (msgtype=0x3A0157,name=PContent::Msg_InsertNewFocusActionId) Closed channel: cannot send/recv


###!!! [Child][MessageChannel] Error: (msgtype=0x3A0157,name=PContent::Msg_InsertNewFocusActionId) Closed channel: cannot send/recv


###!!! [Child][MessageChannel] Error: (msgtype=0x3A0157,name=PContent::Msg_InsertNewFocusActionId) Closed channel: cannot send/recv


###!!! [Child][MessageChannel] Error: (msgtype=0x3A0157,name=PContent::Msg_InsertNewFocusActionId) Closed channel: cannot send/recv


###!!! [Child][MessageChannel] Error: (msgtype=0x3A0157,name=PContent::Msg_InsertNewFocusActionId) Closed channel: cannot send/recv


###!!! [Child][MessageChannel] Error: (msgtype=0x3A0157,name=PContent::Msg_InsertNewFocusActionId) Closed channel: cannot send/recv


###!!! [Child][MessageChannel] Error: (msgtype=0x3A0157,name=PContent::Msg_InsertNewFocusActionId) Closed channel: cannot send/recv


###!!! [Child][MessageChannel] Error: (msgtype=0x3A0157,name=PContent::Msg_InsertNewFocusActionId) Closed channel: cannot send/recv


###!!! [Child][MessageChannel] Error: (msgtype=0x3A0157,name=PContent::Msg_InsertNewFocusActionId) Closed channel: cannot send/recv


###!!! [Child][MessageChannel] Error: (msgtype=0x3A0157,name=PContent::Msg_InsertNewFocusActionId) Closed channel: cannot send/recv


###!!! [Child][MessageChannel] Error: (msgtype=0x3A0157,name=PContent::Msg_InsertNewFocusActionId) Closed channel: cannot send/recv


###!!! [Child][MessageChannel] Error: (msgtype=0x3A0157,name=PContent::Msg_InsertNewFocusActionId) Closed channel: cannot send/recv


###!!! [Child][MessageChannel] Error: (msgtype=0x3A0157,name=PContent::Msg_InsertNewFocusActionId) Closed channel: cannot send/recv


###!!! [Child][MessageChannel] Error: (msgtype=0x3A0157,name=PContent::Msg_InsertNewFocusActionId) Closed channel: cannot send/recv


###!!! [Child][MessageChannel] Error: (msgtype=0x3A0157,name=PContent::Msg_InsertNewFocusActionId) Closed channel: cannot send/recv


###!!! [Child][MessageChannel] Error: (msgtype=0x3A0157,name=PContent::Msg_InsertNewFocusActionId) Closed channel: cannot send/recv


###!!! [Child][MessageChannel] Error: (msgtype=0x3A0157,name=PContent::Msg_InsertNewFocusActionId) Closed channel: cannot send/recv


###!!! [Child][MessageChannel] Error: (msgtype=0x3A0157,name=PContent::Msg_InsertNewFocusActionId) Closed channel: cannot send/recv


###!!! [Child][MessageChannel] Error: (msgtype=0x3A0157,name=PContent::Msg_InsertNewFocusActionId) Closed channel: cannot send/recv


###!!! [Child][MessageChannel] Error: (msgtype=0x3A0157,name=PContent::Msg_InsertNewFocusActionId) Closed channel: cannot send/recv


###!!! [Child][MessageChannel] Error: (msgtype=0x3A0157,name=PContent::Msg_InsertNewFocusActionId) Closed channel: cannot send/recv


###!!! [Child][MessageChannel] Error: (msgtype=0x3A0157,name=PContent::Msg_InsertNewFocusActionId) Closed channel: cannot send/recv


###!!! [Child][MessageChannel] Error: (msgtype=0x3A0157,name=PContent::Msg_InsertNewFocusActionId) Closed channel: cannot send/recv


###!!! [Child][MessageChannel] Error: (msgtype=0x3A0157,name=PContent::Msg_InsertNewFocusActionId) Closed channel: cannot send/recv


###!!! [Child][MessageChannel] Error: (msgtype=0x3A0157,name=PContent::Msg_InsertNewFocusActionId) Closed channel: cannot send/recv


###!!! [Child][MessageChannel] Error: (msgtype=0x3A014A,name=PContent::Msg_DiscardBrowsingContext) Closed channel: cannot send/recv


###!!! [Child][MessageChannel] Error: (msgtype=0x3A014A,name=PContent::Msg_DiscardBrowsingContext) Closed channel: cannot send/recv


###!!! [Child][MessageChannel] Error: (msgtype=0x3A014A,name=PContent::Msg_DiscardBrowsingContext) Closed channel: cannot send/recv


###!!! [Child][MessageChannel] Error: (msgtype=0x3A00D0,name=PContent::Msg_SetGeolocationHigherAccuracy) Closed channel: cannot send/recv


###!!! [Child][MessageChannel] Error: (msgtype=0x3A014A,name=PContent::Msg_DiscardBrowsingContext) Closed channel: cannot send/recv


###!!! [Child][MessageChannel] Error: (msgtype=0x3A015E,name=PContent::Msg_CommitWindowContextTransaction) Closed channel: cannot send/recv


###!!! [Child][MessageChannel] Error: (msgtype=0x3A00D0,name=PContent::Msg_SetGeolocationHigherAccuracy) Closed channel: cannot send/recv


###!!! [Child][MessageChannel] Error: (msgtype=0x3A014A,name=PContent::Msg_DiscardBrowsingContext) Closed channel: cannot send/recv


###!!! [Child][MessageChannel] Error: (msgtype=0x3A014A,name=PContent::Msg_DiscardBrowsingContext) Closed channel: cannot send/recv


###!!! [Child][MessageChannel] Error: (msgtype=0x3A014A,name=PContent::Msg_DiscardBrowsingContext) Closed channel: cannot send/recv


###!!! [Child][MessageChannel] Error: (msgtype=0x3A014A,name=PContent::Msg_DiscardBrowsingContext) Closed channel: cannot send/recv


###!!! [Child][MessageChannel] Error: (msgtype=0x3A014A,name=PContent::Msg_DiscardBrowsingContext) Closed channel: cannot send/recv


###!!! [Child][MessageChannel] Error: (msgtype=0x3A014A,name=PContent::Msg_DiscardBrowsingContext) Closed channel: cannot send/recv


###!!! [Child][MessageChannel] Error: (msgtype=0x3A014A,name=PContent::Msg_DiscardBrowsingContext) Closed channel: cannot send/recv


###!!! [Child][MessageChannel] Error: (msgtype=0x3A014A,name=PContent::Msg_DiscardBrowsingContext) Closed channel: cannot send/recv


###!!! [Child][MessageChannel] Error: (msgtype=0x3A014A,name=PContent::Msg_DiscardBrowsingContext) Closed channel: cannot send/recv


###!!! [Child][MessageChannel] Error: (msgtype=0x3A014A,name=PContent::Msg_DiscardBrowsingContext) Closed channel: cannot send/recv


###!!! [Child][MessageChannel] Error: (msgtype=0x3A014A,name=PContent::Msg_DiscardBrowsingContext) Closed channel: cannot send/recv


###!!! [Child][MessageChannel] Error: (msgtype=0x3A014A,name=PContent::Msg_DiscardBrowsingContext) Closed channel: cannot send/recv


###!!! [Child][MessageChannel] Error: (msgtype=0x3A014A,name=PContent::Msg_DiscardBrowsingContext) Closed channel: cannot send/recv


###!!! [Child][MessageChannel] Error: (msgtype=0x3A014A,name=PContent::Msg_DiscardBrowsingContext) Closed channel: cannot send/recv


###!!! [Child][MessageChannel] Error: (msgtype=0x3A014A,name=PContent::Msg_DiscardBrowsingContext) Closed channel: cannot send/recv


###!!! [Child][MessageChannel] Error: (msgtype=0x3A014A,name=PContent::Msg_DiscardBrowsingContext) Closed channel: cannot send/recv


###!!! [Child][MessageChannel] Error: (msgtype=0x3A014A,name=PContent::Msg_DiscardBrowsingContext) Closed channel: cannot send/recv


###!!! [Child][MessageChannel] Error: (msgtype=0x3A014A,name=PContent::Msg_DiscardBrowsingContext) Closed channel: cannot send/recv


###!!! [Child][MessageChannel] Error: (msgtype=0x3A014A,name=PContent::Msg_DiscardBrowsingContext) Closed channel: cannot send/recv


###!!! [Child][MessageChannel] Error: (msgtype=0x3A014A,name=PContent::Msg_DiscardBrowsingContext) Closed channel: cannot send/recv


###!!! [Child][MessageChannel] Error: (msgtype=0x3A014A,name=PContent::Msg_DiscardBrowsingContext) Closed channel: cannot send/recv


###!!! [Child][MessageChannel] Error: (msgtype=0x3A015E,name=PContent::Msg_CommitWindowContextTransaction) Closed channel: cannot send/recv


###!!! [Child][MessageChannel] Error: (msgtype=0x3A014A,name=PContent::Msg_DiscardBrowsingContext) Closed channel: cannot send/recv


###!!! [Child][MessageChannel] Error: (msgtype=0x3A014A,name=PContent::Msg_DiscardBrowsingContext) Closed channel: cannot send/recv


###!!! [Child][MessageChannel] Error: (msgtype=0x3A014A,name=PContent::Msg_DiscardBrowsingContext) Closed channel: cannot send/recv


###!!! [Child][MessageChannel] Error: (msgtype=0x3A014A,name=PContent::Msg_DiscardBrowsingContext) Closed channel: cannot send/recv


###!!! [Child][MessageChannel] Error: (msgtype=0x3A014A,name=PContent::Msg_DiscardBrowsingContext) Closed channel: cannot send/recv


###!!! [Child][MessageChannel] Error: (msgtype=0x3A014A,name=PContent::Msg_DiscardBrowsingContext) Closed channel: cannot send/recv


###!!! [Child][MessageChannel] Error: (msgtype=0x3A014A,name=PContent::Msg_DiscardBrowsingContext) Closed channel: cannot send/recv


###!!! [Child][MessageChannel] Error: (msgtype=0x3A014A,name=PContent::Msg_DiscardBrowsingContext) Closed channel: cannot send/recv


###!!! [Child][MessageChannel] Error: (msgtype=0x3A014A,name=PContent::Msg_DiscardBrowsingContext) Closed channel: cannot send/recv


###!!! [Child][MessageChannel] Error: (msgtype=0x3A014A,name=PContent::Msg_DiscardBrowsingContext) Closed channel: cannot send/recv


###!!! [Child][MessageChannel] Error: (msgtype=0x3A014A,name=PContent::Msg_DiscardBrowsingContext) Closed channel: cannot send/recv


###!!! [Child][MessageChannel] Error: (msgtype=0x3A014A,name=PContent::Msg_DiscardBrowsingContext) Closed channel: cannot send/recv


###!!! [Child][MessageChannel] Error: (msgtype=0x3A014A,name=PContent::Msg_DiscardBrowsingContext) Closed channel: cannot send/recv


###!!! [Child][MessageChannel] Error: (msgtype=0x3A014A,name=PContent::Msg_DiscardBrowsingContext) Closed channel: cannot send/recv


###!!! [Child][MessageChannel] Error: (msgtype=0x3A014A,name=PContent::Msg_DiscardBrowsingContext) Closed channel: cannot send/recv


###!!! [Child][MessageChannel] Error: (msgtype=0x3A014A,name=PContent::Msg_DiscardBrowsingContext) Closed channel: cannot send/recv


###!!! [Child][MessageChannel] Error: (msgtype=0x3A014A,name=PContent::Msg_DiscardBrowsingContext) Closed channel: cannot send/recv


###!!! [Child][MessageChannel] Error: (msgtype=0x3A014A,name=PContent::Msg_DiscardBrowsingContext) Closed channel: cannot send/recv


###!!! [Child][MessageChannel] Error: (msgtype=0x3A014A,name=PContent::Msg_DiscardBrowsingContext) Closed channel: cannot send/recv


###!!! [Child][MessageChannel] Error: (msgtype=0x3A014A,name=PContent::Msg_DiscardBrowsingContext) Closed channel: cannot send/recv


###!!! [Child][MessageChannel] Error: (msgtype=0x3A014A,name=PContent::Msg_DiscardBrowsingContext) Closed channel: cannot send/recv


###!!! [Child][MessageChannel] Error: (msgtype=0x3A014A,name=PContent::Msg_DiscardBrowsingContext) Closed channel: cannot send/recv


###!!! [Child][MessageChannel] Error: (msgtype=0x3A014A,name=PContent::Msg_DiscardBrowsingContext) Closed channel: cannot send/recv


###!!! [Child][MessageChannel] Error: (msgtype=0x3A014A,name=PContent::Msg_DiscardBrowsingContext) Closed channel: cannot send/recv


###!!! [Child][MessageChannel] Error: (msgtype=0x3A014A,name=PContent::Msg_DiscardBrowsingContext) Closed channel: cannot send/recv


###!!! [Child][MessageChannel] Error: (msgtype=0x3A014A,name=PContent::Msg_DiscardBrowsingContext) Closed channel: cannot send/recv


###!!! [Child][MessageChannel] Error: (msgtype=0x3A014A,name=PContent::Msg_DiscardBrowsingContext) Closed channel: cannot send/recv


###!!! [Child][MessageChannel] Error: (msgtype=0x3A014A,name=PContent::Msg_DiscardBrowsingContext) Closed channel: cannot send/recv


###!!! [Child][MessageChannel] Error: (msgtype=0x3A014A,name=PContent::Msg_DiscardBrowsingContext) Closed channel: cannot send/recv


###!!! [Child][MessageChannel] Error: (msgtype=0x3A014A,name=PContent::Msg_DiscardBrowsingContext) Closed channel: cannot send/recv


###!!! [Child][MessageChannel] Error: (msgtype=0x3A014A,name=PContent::Msg_DiscardBrowsingContext) Closed channel: cannot send/recv


###!!! [Child][MessageChannel] Error: (msgtype=0x3A015E,name=PContent::Msg_CommitWindowContextTransaction) Closed channel: cannot send/recv

1616657851541	geckodriver	INFO	Listening on 127.0.0.1:51897
1616657854720	mozrunner::runner	INFO	Running command: "C:\\Program Files\\Mozilla Firefox\\firefox.exe" "--marionette" "-foreground" "-no-remote" "-profile" "C:\\Users\\shubh\\AppData\\Local\\Temp\\rust_mozprofileE675tp"
console.warn: SearchSettings: "get: No settings file exists, new profile?" (new Error("", "(unknown module)"))
1616657875701	Marionette	INFO	Listening on port 51905
1616657876157	Marionette	WARN	TLS certificate errors will be ignored for this session
JavaScript error: https://www.sanfoundry.com/database-mcqs-relational-database-schema/ line 1 > injectedScript, line 2: TypeError: document.getElementById(...) is null
console.log: WebExtensions: reset-default-search: No addons in our list are installed.
1616659994744	Marionette	INFO	Stopped listening on port 51905

###!!! [Child][RunMessage] Error: Channel closing: too late to send/recv, messages will be lost

"--marionette" "-foreground" "-no-remote" "-profile" "C:\\Users\\shubh\\AppData\\Local\\Temp\\rust_mozprofilet8ZMgv"
console.warn: SearchSettings: "get: No settings file exists, new profile?" (new Error("", "(unknown module)"))
1616659862548	Marionette	INFO	Listening on port 60874
1616659862713	Marionette	WARN	TLS certificate errors will be ignored for this session
JavaScript error: https://www.sanfoundry.com/database-mcqs-relational-database-schema/ line 1 > injectedScript, line 2: TypeError: document.getElementById(...) is null
JavaScript error: resource://gre/modules/XULStore.jsm, line 66: Error: Can't find profile directory.
[Parent 14492, IPC I/O Parent] WARNING: file /builds/worker/checkouts/gecko/ipc/chromium/src/base/process_util_win.cc:167
1616659995020	Marionette	INFO	Stopped listening on port 60874

###!!! [Child][RunMessage] Error: Channel closing: too late to send/recv, messages will be lost

e.warn: SearchSettings: "get: No settings file exists, new profile?" (new Error("", "(unknown module)"))
1616659952717	Marionette	INFO	Listening on port 61219
1616659952992	Marionette	WARN	TLS certificate errors will be ignored for this session
JavaScript error: https://www.sanfoundry.com/database-mcqs-relational-database-schema/ line 1 > injectedScript, line 2: TypeError: document.getElementById(...) is null
JavaScript error: resource://gre/modules/XULStore.jsm, line 66: Error: Can't find profile directory.
[Parent 20240, IPC I/O Parent] WARNING: file /builds/worker/checkouts/gecko/ipc/chromium/src/base/process_util_win.cc:167
1616659996365	Marionette	INFO	Stopped listening on port 61219
1616660005465	geckodriver	INFO	Listening on 127.0.0.1:50330
1616660008527	mozrunner::runner	INFO	Running command: "C:\\Program Files\\Mozilla Firefox\\firefox.exe" "--marionette" "-foreground" "-no-remote" "-profile" "C:\\Users\\shubh\\AppData\\Local\\Temp\\rust_mozprofileOoZdO7"
console.warn: SearchSettings: "get: No settings file exists, new profile?" (new Error("", "(unknown module)"))
1616660012287	Marionette	INFO	Listening on port 50338
1616660012758	Marionette	WARN	TLS certificate errors will be ignored for this session
JavaScript error: https://www.sanfoundry.com/database-mcqs-relational-database-schema/ line 1 > injectedScript, line 2: TypeError: document.getElementById(...) is null
JavaScript error: resource://gre/modules/XULStore.jsm, line 66: Error: Can't find profile directory.
console.log: WebExtensions: reset-default-search: No addons in our list are installed.

###!!! [Parent][RunMessage] Error: Channel error: cannot send/recv

1616661096741	Marionette	INFO	Stopped listening on port 50338

###!!! [Child][RunMessage] Error: Channel closing: too late to send/recv, messages will be lost

ings file exists, new profile?" (new Error("", "(unknown module)"))
1616660167388	Marionette	INFO	Listening on port 49680
1616660167660	Marionette	WARN	TLS certificate errors will be ignored for this session
JavaScript error: https://www.sanfoundry.com/database-mcqs-relational-database-schema/ line 1 > injectedScript, line 2: TypeError: document.getElementById(...) is null
JavaScript warning: https://adpushup.bbvms.com/launchpad/?1616660176625, line 1: unreachable code after return statement
JavaScript warning: https://adpushup.bbvms.com/launchpad/?1616660176625 line 291 > eval, line 1: unreachable code after return statement
console.log: WebExtensions: reset-default-search: No addons in our list are installed.
1616661098119	Marionette	INFO	Stopped listening on port 49680

###!!! [Child][RunMessage] Error: Channel closing: too late to send/recv, messages will be lost

Temp\\rust_mozprofileveDz5I"
console.warn: SearchSettings: "get: No settings file exists, new profile?" (new Error("", "(unknown module)"))
1616660213298	Marionette	INFO	Listening on port 51613
1616660213499	Marionette	WARN	TLS certificate errors will be ignored for this session
JavaScript error: https://www.sanfoundry.com/database-mcqs-relational-database-schema/ line 1 > injectedScript, line 2: TypeError: document.getElementById(...) is null
JavaScript error: resource://gre/modules/XULStore.jsm, line 66: Error: Can't find profile directory.
console.log: WebExtensions: reset-default-search: No addons in our list are installed.
JavaScript warning: https://adpushup.bbvms.com/launchpad/?1616660787368, line 1: unreachable code after return statement
JavaScript warning: https://adpushup.bbvms.com/launchpad/?1616660787368 line 291 > eval, line 1: unreachable code after return statement
1616661100021	Marionette	INFO	Stopped listening on port 51613
6661059569	mozrunner::runner	INFO	Running command: "C:\\Program Files\\Mozilla Firefox\\firefox.exe" "--marionette" "-foreground" "-no-remote" "-profile" "C:\\Users\\shubh\\AppData\\Local\\Temp\\rust_mozprofileVtspRS"
console.warn: SearchSettings: "get: No settings file exists, new profile?" (new Error("", "(unknown module)"))
1616661065927	Marionette	INFO	Listening on port 62022
1616661066171	Marionette	WARN	TLS certificate errors will be ignored for this session
1616661101390	Marionette	INFO	Stopped listening on port 62022
1616661105916	geckodriver	INFO	Listening on 127.0.0.1:62097
1616661108955	mozrunner::runner	INFO	Running command: "C:\\Program Files\\Mozilla Firefox\\firefox.exe" "--marionette" "-foreground" "-no-remote" "-profile" "C:\\Users\\shubh\\AppData\\Local\\Temp\\rust_mozprofileIkChK3"
console.warn: SearchSettings: "get: No settings file exists, new profile?" (new Error("", "(unknown module)"))
1616661112663	Marionette	INFO	Listening on port 62105
1616661113213	Marionette	WARN	TLS certificate errors will be ignored for this session
JavaScript error: resource://gre/actors/AutoCompleteChild.jsm, line 125: Error: Invalid autocomplete selectedIndex
1616661116419	Marionette	INFO	Stopped listening on port 62105
JavaScript error: resource://gre/modules/UrlClassifierListManager.jsm, line 691: TypeError: this.tablesData[table] is undefined
JavaScript error: resource://gre/modules/Sqlite.jsm, line 927: Error: Connection is not open.

###!!! [Child][RunMessage] Error: Channel closing: too late to send/recv, messages will be lost

1616661148047	geckodriver	INFO	Listening on 127.0.0.1:62163
1616661151142	mozrunner::runner	INFO	Running command: "C:\\Program Files\\Mozilla Firefox\\firefox.exe" "--marionette" "-foreground" "-no-remote" "-profile" "C:\\Users\\shubh\\AppData\\Local\\Temp\\rust_mozprofileYRfo1a"
console.warn: SearchSettings: "get: No settings file exists, new profile?" (new Error("", "(unknown module)"))
1616661154794	Marionette	INFO	Listening on port 62171
1616661154848	Marionette	WARN	TLS certificate errors will be ignored for this session
JavaScript error: https://www.sanfoundry.com/database-mcqs-relational-database-schema/ line 1 > injectedScript, line 2: TypeError: document.getElementById(...) is null
JavaScript error: resource://gre/modules/XULStore.jsm, line 66: Error: Can't find profile directory.
1616661168999	Marionette	INFO	Stopped listening on port 62171
JavaScript error: , line 0: uncaught exception: undefined
JavaScript error: , line 0: uncaught exception: undefined

###!!! [Child][RunMessage] Error: Channel closing: too late to send/recv, messages will be lost

1616662414124	geckodriver	INFO	Listening on 127.0.0.1:63097
1616662417147	mozrunner::runner	INFO	Running command: "C:\\Program Files\\Mozilla Firefox\\firefox.exe" "--marionette" "-foreground" "-no-remote" "-profile" "C:\\Users\\shubh\\AppData\\Local\\Temp\\rust_mozprofileMznVej"
console.warn: SearchSettings: "get: No settings file exists, new profile?" (new Error("", "(unknown module)"))
1616662420858	Marionette	INFO	Listening on port 63105
1616662421379	Marionette	WARN	TLS certificate errors will be ignored for this session
JavaScript error: https://www.sanfoundry.com/database-mcqs-relational-database-schema/ line 1 > injectedScript, line 2: TypeError: document.getElementById(...) is null
JavaScript error: resource://gre/modules/XULStore.jsm, line 66: Error: Can't find profile directory.
JavaScript warning: https://adpushup.bbvms.com/launchpad/?1616662427161, line 1: unreachable code after return statement
JavaScript warning: https://adpushup.bbvms.com/launchpad/?1616662427161 line 291 > eval, line 1: unreachable code after return statement
JavaScript warning: https://adpushup.bbvms.com/launchpad/?1616662427161 line 291 > eval, line 1: unreachable code after return statement
console.log: WebExtensions: reset-default-search: No addons in our list are installed.
1616666737080	Marionette	INFO	Stopped listening on port 63105

###!!! [Child][RunMessage] Error: Channel closing: too late to send/recv, messages will be lost

)
1616662493620	Marionette	INFO	Listening on port 61947
1616662493751	Marionette	WARN	TLS certificate errors will be ignored for this session
JavaScript error: https://www.sanfoundry.com/database-mcqs-relational-database-schema/ line 1 > injectedScript, line 2: TypeError: document.getElementById(...) is null
JavaScript error: resource://gre/modules/XULStore.jsm, line 66: Error: Can't find profile directory.
1616662501597	Marionette	WARN	Ignoring event 'pageshow' because document has an invalid readyState of 'uninitialized'.
JavaScript warning: https://adpushup.bbvms.com/launchpad/?1616662500320, line 1: unreachable code after return statement
JavaScript warning: https://adpushup.bbvms.com/launchpad/?1616662500320 line 291 > eval, line 1: unreachable code after return statement
console.log: WebExtensions: reset-default-search: No addons in our list are installed.
[Parent 22016, IPC I/O Parent] WARNING: file /builds/worker/checkouts/gecko/ipc/chromium/src/base/process_util_win.cc:167
1616666740452	Marionette	INFO	Stopped listening on port 61947
round" "-no-remote" "-profile" "C:\\Users\\shubh\\AppData\\Local\\Temp\\rust_mozprofilerAAXuQ"
console.warn: SearchSettings: "get: No settings file exists, new profile?" (new Error("", "(unknown module)"))
1616666706028	Marionette	INFO	Listening on port 53506
1616666706345	Marionette	WARN	TLS certificate errors will be ignored for this session
JavaScript error: https://www.sanfoundry.com/database-mcqs-relational-database-schema/ line 1 > injectedScript, line 2: TypeError: document.getElementById(...) is null
JavaScript error: resource://gre/modules/XULStore.jsm, line 66: Error: Can't find profile directory.
1616666719980	Marionette	INFO	Stopped listening on port 53506
1616668393473	geckodriver	INFO	Listening on 127.0.0.1:59770
1616668396490	mozrunner::runner	INFO	Running command: "C:\\Program Files\\Mozilla Firefox\\firefox.exe" "--marionette" "-foreground" "-no-remote" "-profile" "C:\\Users\\shubh\\AppData\\Local\\Temp\\rust_mozprofile37CujN"
console.warn: SearchSettings: "get: No settings file exists, new profile?" (new Error("", "(unknown module)"))
1616668400487	Marionette	INFO	Listening on port 59778
1616668400676	Marionette	WARN	TLS certificate errors will be ignored for this session
JavaScript error: https://www.sanfoundry.com/database-mcqs-relational-database-schema/ line 1 > injectedScript, line 2: TypeError: document.getElementById(...) is null
JavaScript error: resource://gre/modules/XULStore.jsm, line 66: Error: Can't find profile directory.
SourceActor threw an exception: [Exception... "Failed to open input source 'javascript:close()'"  nsresult: "0x80040111 (NS_ERROR_NOT_AVAILABLE)"  location: "JS frame :: resource://devtools/shared/DevToolsUtils.js :: mainThreadFetch/< :: line 670"  data: yes]
Stack: mainThreadFetch/<@resource://devtools/shared/DevToolsUtils.js:670:15
mainThreadFetch@resource://devtools/shared/DevToolsUtils.js:516:10
_fetchURLContents@resource://devtools/server/actors/utils/sources-manager.js:439:22
urlContents@resource://devtools/server/actors/utils/sources-manager.js:406:17
_resurrectSource@resource://devtools/server/actors/thread.js:2156:35
addAllSources@resource://devtools/server/actors/thread.js:1509:14
watch@resource://devtools/server/actors/resources/sources.js:52:17
watchResources@resource://devtools/server/actors/resources/index.js:214:19
_watchTargetResources@resource://devtools/server/actors/targets/target-actor-mixin.js:97:24
addWatcherDataEntry@resource://devtools/server/actors/targets/target-actor-mixin.js:34:20
_addWatcherDataEntry@resource://devtools/server/connectors/js-window-actor/DevToolsFrameChild.jsm:412:24
receiveMessage@resource://devtools/server/connectors/js-window-actor/DevToolsFrameChild.jsm:354:21
Line: 670, column: 0
console.error: ({})
JavaScript error: resource://devtools/shared/DevToolsUtils.js, line 670: NS_ERROR_NOT_AVAILABLE: Failed to open input source 'javascript:close()'
SourceActor threw an exception: [Exception... "Component returned failure code: 0x80470002 (NS_BASE_STREAM_CLOSED) [nsIInputStream.available]"  nsresult: "0x80470002 (NS_BASE_STREAM_CLOSED)"  location: "JS frame :: resource://devtools/shared/DevToolsUtils.js :: onResponse :: line 567"  data: no]
Stack: onResponse@resource://devtools/shared/DevToolsUtils.js:567:34
onStopRequest@resource://gre/modules/NetUtil.jsm:128:18
Line: 567, column: 0
console.error: ({})
JavaScript error: resource://devtools/shared/DevToolsUtils.js, line 567: NS_BASE_STREAM_CLOSED: Component returned failure code: 0x80470002 (NS_BASE_STREAM_CLOSED) [nsIInputStream.available]
console.log: WebExtensions: reset-default-search: No addons in our list are installed.
1616669910756	Marionette	INFO	Stopped listening on port 59778

###!!! [Child][RunMessage] Error: Channel closing: too late to send/recv, messages will be lost

"--marionette" "-foreground" "-no-remote" "-profile" "C:\\Users\\shubh\\AppData\\Local\\Temp\\rust_mozprofilehzh0Mj"
console.warn: SearchSettings: "get: No settings file exists, new profile?" (new Error("", "(unknown module)"))
1616668950371	Marionette	INFO	Listening on port 53612
1616668950699	Marionette	WARN	TLS certificate errors will be ignored for this session
JavaScript error: https://www.sanfoundry.com/database-mcqs-relational-database-schema/ line 1 > injectedScript, line 2: TypeError: document.getElementById(...) is null
1616668992115	Marionette	WARN	Ignoring event 'pageshow' because document has an invalid readyState of 'uninitialized'.
1616668994169	Marionette	WARN	Ignoring event 'pageshow' because document has an invalid readyState of 'uninitialized'.
JavaScript error: resource://gre/modules/XULStore.jsm, line 66: Error: Can't find profile directory.
JavaScript error: https://tpc.googlesyndication.com/sadbundle/$csp%3Der3$/403143509417282024/index.html#t=1139055331074266326&p=https%3A%2F%2F3baf5f140703538029818dd2f79bef1b.safeframe.googlesyndication.com, line 276: TypeError: studio.Enabler is undefined
JavaScript error: https://tpc.googlesyndication.com/sadbundle/$csp%3Der3$/403143509417282024/index.html#t=12538499118319602821&p=https%3A%2F%2F3baf5f140703538029818dd2f79bef1b.safeframe.googlesyndication.com, line 276: TypeError: studio.Enabler is undefined
JavaScript error: , line 0: NotFoundError: No such JSWindowActor 'MarionetteEvents'
JavaScript error: https://tpc.googlesyndication.com/sadbundle/$csp%3Der3$/403143509417282024/index.html#t=17816859078522988034&p=https%3A%2F%2F3baf5f140703538029818dd2f79bef1b.safeframe.googlesyndication.com, line 276: TypeError: studio.Enabler is undefined
JavaScript error: https://tpc.googlesyndication.com/sadbundle/$csp%3Der3$/403143509417282024/index.html#t=16826908229821423882&p=https%3A%2F%2F3baf5f140703538029818dd2f79bef1b.safeframe.googlesyndication.com, line 276: TypeError: studio.Enabler is undefined
JavaScript error: https://tpc.googlesyndication.com/sadbundle/$csp%3Der3$/403143509417282024/index.html#t=4489930633687114619&p=https%3A%2F%2F3baf5f140703538029818dd2f79bef1b.safeframe.googlesyndication.com, line 276: TypeError: studio.Enabler is undefined
JavaScript error: https://tpc.googlesyndication.com/sadbundle/$csp%3Der3$/403143509417282024/index.html#t=14923223011683761675&p=https%3A%2F%2F3baf5f140703538029818dd2f79bef1b.safeframe.googlesyndication.com, line 276: TypeError: studio.Enabler is undefined
JavaScript error: https://tpc.googlesyndication.com/sadbundle/$csp%3Der3$/403143509417282024/index.html#t=1043702156380339872&p=https%3A%2F%2F3baf5f140703538029818dd2f79bef1b.safeframe.googlesyndication.com, line 276: TypeError: studio.Enabler is undefined
JavaScript error: https://tpc.googlesyndication.com/sadbundle/$csp%3Der3$/1499684944288867290/index.html#t=9798128675455258009&p=https%3A%2F%2F3baf5f140703538029818dd2f79bef1b.safeframe.googlesyndication.com, line 276: TypeError: studio.Enabler is undefined
JavaScript error: https://tpc.googlesyndication.com/sadbundle/$csp%3Der3$/403143509417282024/index.html#t=7178875778565387945&p=https%3A%2F%2F3baf5f140703538029818dd2f79bef1b.safeframe.googlesyndication.com, line 276: TypeError: studio.Enabler is undefined
JavaScript error: https://tpc.googlesyndication.com/sadbundle/$csp%3Der3$/403143509417282024/index.html#t=18198553692597187680&p=https%3A%2F%2F3baf5f140703538029818dd2f79bef1b.safeframe.googlesyndication.com, line 276: TypeError: studio.Enabler is undefined
JavaScript error: https://tpc.googlesyndication.com/sadbundle/$csp%3Der3$/403143509417282024/index.html#t=2165726858513297966&p=https%3A%2F%2F3baf5f140703538029818dd2f79bef1b.safeframe.googlesyndication.com, line 276: TypeError: studio.Enabler is undefined
JavaScript error: https://tpc.googlesyndication.com/sadbundle/$csp%3Der3$/1499684944288867290/index.html#t=3408208895683067233&p=https%3A%2F%2F3baf5f140703538029818dd2f79bef1b.safeframe.googlesyndication.com, line 276: TypeError: studio.Enabler is undefined
JavaScript error: https://tpc.googlesyndication.com/sadbundle/$csp%3Der3$/1499684944288867290/index.html#t=8927251557432303094&p=https%3A%2F%2F3baf5f140703538029818dd2f79bef1b.safeframe.googlesyndication.com, line 276: TypeError: studio.Enabler is undefined
JavaScript error: https://tpc.googlesyndication.com/sadbundle/$csp%3Der3$/403143509417282024/index.html#t=916610650325216628&p=https%3A%2F%2F3baf5f140703538029818dd2f79bef1b.safeframe.googlesyndication.com, line 276: TypeError: studio.Enabler is undefined
JavaScript error: https://tpc.googlesyndication.com/sadbundle/$csp%3Der3$/1499684944288867290/index.html#t=3454306287154360406&p=https%3A%2F%2F3baf5f140703538029818dd2f79bef1b.safeframe.googlesyndication.com, line 276: TypeError: studio.Enabler is undefined
JavaScript error: https://tpc.googlesyndication.com/sadbundle/$csp%3Der3$/403143509417282024/index.html#t=10360042806087362072&p=https%3A%2F%2F3baf5f140703538029818dd2f79bef1b.safeframe.googlesyndication.com, line 276: TypeError: studio.Enabler is undefined
JavaScript error: https://tpc.googlesyndication.com/sadbundle/$csp%3Der3$/403143509417282024/index.html#t=4818129987431864386&p=https%3A%2F%2F3baf5f140703538029818dd2f79bef1b.safeframe.googlesyndication.com, line 276: TypeError: studio.Enabler is undefined
JavaScript error: https://tpc.googlesyndication.com/sadbundle/$csp%3Der3$/1499684944288867290/index.html#t=14176346584261977824&p=https%3A%2F%2F3baf5f140703538029818dd2f79bef1b.safeframe.googlesyndication.com, line 276: TypeError: studio.Enabler is undefined
JavaScript error: https://tpc.googlesyndication.com/sadbundle/$csp%3Der3$/1499684944288867290/index.html#t=15358050645964122168&p=https%3A%2F%2F3baf5f140703538029818dd2f79bef1b.safeframe.googlesyndication.com, line 276: TypeError: studio.Enabler is undefined
JavaScript error: https://tpc.googlesyndication.com/sadbundle/$csp%3Der3$/403143509417282024/index.html#t=10685303952007553410&p=https%3A%2F%2F3baf5f140703538029818dd2f79bef1b.safeframe.googlesyndication.com, line 276: TypeError: studio.Enabler is undefined
console.log: WebExtensions: reset-default-search: No addons in our list are installed.
JavaScript error: https://tpc.googlesyndication.com/sadbundle/$csp%3Der3$/403143509417282024/index.html#t=17813126176886340292&p=https%3A%2F%2F3baf5f140703538029818dd2f79bef1b.safeframe.googlesyndication.com, line 276: TypeError: studio.Enabler is undefined
JavaScript error: https://tpc.googlesyndication.com/sadbundle/$csp%3Der3$/403143509417282024/index.html#t=13418253374469171386&p=https%3A%2F%2F3baf5f140703538029818dd2f79bef1b.safeframe.googlesyndication.com, line 276: TypeError: studio.Enabler is undefined
JavaScript error: https://tpc.googlesyndication.com/sadbundle/$csp%3Der3$/1499684944288867290/index.html#t=1921027601838350764&p=https%3A%2F%2F3baf5f140703538029818dd2f79bef1b.safeframe.googlesyndication.com, line 276: TypeError: studio.Enabler is undefined
JavaScript error: https://tpc.googlesyndication.com/sadbundle/$csp%3Der3$/1499684944288867290/index.html#t=3698253540251530889&p=https%3A%2F%2F3baf5f140703538029818dd2f79bef1b.safeframe.googlesyndication.com, line 276: TypeError: studio.Enabler is undefined
JavaScript error: https://tpc.googlesyndication.com/sadbundle/$csp%3Der3$/403143509417282024/index.html#t=10121856541058133325&p=https%3A%2F%2F3baf5f140703538029818dd2f79bef1b.safeframe.googlesyndication.com, line 276: TypeError: studio.Enabler is undefined
JavaScript error: https://tpc.googlesyndication.com/sadbundle/$csp%3Der3$/403143509417282024/index.html#t=10748522152860255971&p=https%3A%2F%2F3baf5f140703538029818dd2f79bef1b.safeframe.googlesyndication.com, line 276: TypeError: studio.Enabler is undefined
JavaScript error: https://tpc.googlesyndication.com/sadbundle/$csp%3Der3$/1499684944288867290/index.html#t=11467782978105527237&p=https%3A%2F%2F3baf5f140703538029818dd2f79bef1b.safeframe.googlesyndication.com, line 276: TypeError: studio.Enabler is undefined
JavaScript error: https://tpc.googlesyndication.com/sadbundle/$csp%3Der3$/403143509417282024/index.html#t=4594307734408644392&p=https%3A%2F%2F3baf5f140703538029818dd2f79bef1b.safeframe.googlesyndication.com, line 276: TypeError: studio.Enabler is undefined
JavaScript error: https://tpc.googlesyndication.com/sadbundle/$csp%3Der3$/403143509417282024/index.html#t=17024532873403323232&p=https%3A%2F%2F3baf5f140703538029818dd2f79bef1b.safeframe.googlesyndication.com, line 276: TypeError: studio.Enabler is undefined
JavaScript error: https://tpc.googlesyndication.com/sadbundle/$csp%3Der3$/1499684944288867290/index.html#t=18288976560846616782&p=https%3A%2F%2F3baf5f140703538029818dd2f79bef1b.safeframe.googlesyndication.com, line 276: TypeError: studio.Enabler is undefined
JavaScript error: https://tpc.googlesyndication.com/sadbundle/$csp%3Der3$/403143509417282024/index.html#t=12110428301248358736&p=https%3A%2F%2F3baf5f140703538029818dd2f79bef1b.safeframe.googlesyndication.com, line 276: TypeError: studio.Enabler is undefined
JavaScript error: https://tpc.googlesyndication.com/sadbundle/$csp%3Der3$/403143509417282024/index.html#t=8459067067227066070&p=https%3A%2F%2F3baf5f140703538029818dd2f79bef1b.safeframe.googlesyndication.com, line 276: TypeError: studio.Enabler is undefined
JavaScript error: https://tpc.googlesyndication.com/sadbundle/$csp%3Der3$/403143509417282024/index.html#t=17052219119138997601&p=https%3A%2F%2F3baf5f140703538029818dd2f79bef1b.safeframe.googlesyndication.com, line 276: TypeError: studio.Enabler is undefined
JavaScript error: https://tpc.googlesyndication.com/sadbundle/$csp%3Der3$/403143509417282024/index.html#t=4584675589545136477&p=https%3A%2F%2F3baf5f140703538029818dd2f79bef1b.safeframe.googlesyndication.com, line 276: TypeError: studio.Enabler is undefined
JavaScript error: https://tpc.googlesyndication.com/sadbundle/$csp%3Der3$/403143509417282024/index.html#t=6123694551309057313&p=https%3A%2F%2F3baf5f140703538029818dd2f79bef1b.safeframe.googlesyndication.com, line 276: TypeError: studio.Enabler is undefined
JavaScript error: https://tpc.googlesyndication.com/sadbundle/$csp%3Der3$/403143509417282024/index.html#t=17397139065592144606&p=https%3A%2F%2F3baf5f140703538029818dd2f79bef1b.safeframe.googlesyndication.com, line 276: TypeError: studio.Enabler is undefined
JavaScript error: https://tpc.googlesyndication.com/sadbundle/$csp%3Der3$/403143509417282024/index.html#t=17177137691080298623&p=https%3A%2F%2F3baf5f140703538029818dd2f79bef1b.safeframe.googlesyndication.com, line 276: TypeError: studio.Enabler is undefined
JavaScript error: https://tpc.googlesyndication.com/sadbundle/$csp%3Der3$/403143509417282024/index.html#t=17830703314201128227&p=https%3A%2F%2F3baf5f140703538029818dd2f79bef1b.safeframe.googlesyndication.com, line 276: TypeError: studio.Enabler is undefined
JavaScript error: https://tpc.googlesyndication.com/sadbundle/$csp%3Der3$/403143509417282024/index.html#t=9657771403260752284&p=https%3A%2F%2F3baf5f140703538029818dd2f79bef1b.safeframe.googlesyndication.com, line 276: TypeError: studio.Enabler is undefined
[Parent 21460, IPC I/O Parent] WARNING: file /builds/worker/checkouts/gecko/ipc/chromium/src/base/process_util_win.cc:167
1616669912244	Marionette	INFO	Stopped listening on port 53612

###!!! [Child][RunMessage] Error: Channel closing: too late to send/recv, messages will be lost


1616669913694	Marionette	INFO	Stopped listening on port 55742
1616669932993	geckodriver	INFO	Listening on 127.0.0.1:53750
1616669936036	mozrunner::runner	INFO	Running command: "C:\\Program Files\\Mozilla Firefox\\firefox.exe" "--marionette" "-foreground" "-no-remote" "-profile" "C:\\Users\\shubh\\AppData\\Local\\Temp\\rust_mozprofiletMec3V"
console.warn: SearchSettings: "get: No settings file exists, new profile?" (new Error("", "(unknown module)"))
1616669940733	Marionette	INFO	Listening on port 53758
1616669940845	Marionette	WARN	TLS certificate errors will be ignored for this session
JavaScript error: https://www.sanfoundry.com/database-mcqs-relational-database-schema/ line 1 > injectedScript, line 2: TypeError: document.getElementById(...) is null
console.error: Region.jsm: "Error fetching region" (new Error("TIMEOUT", "resource://gre/modules/Region.jsm", 772))
console.error: Region.jsm: "Failed to fetch region" (new Error("TIMEOUT", "resource://gre/modules/Region.jsm", 419))
JavaScript error: resource://gre/modules/XULStore.jsm, line 66: Error: Can't find profile directory.
console.log: WebExtensions: reset-default-search: No addons in our list are installed.
1616670942978	geckodriver	INFO	Listening on 127.0.0.1:62713
1616670946015	mozrunner::runner	INFO	Running command: "C:\\Program Files\\Mozilla Firefox\\firefox.exe" "--marionette" "-foreground" "-no-remote" "-profile" "C:\\Users\\shubh\\AppData\\Local\\Temp\\rust_mozprofilen7I1Pp"
console.warn: SearchSettings: "get: No settings file exists, new profile?" (new Error("", "(unknown module)"))
1616670949834	Marionette	INFO	Listening on port 62721
1616670950231	Marionette	WARN	TLS certificate errors will be ignored for this session
JavaScript error: https://www.sanfoundry.com/database-mcqs-relational-database-schema/ line 1 > injectedScript, line 2: TypeError: document.getElementById(...) is null
JavaScript error: resource://gre/modules/XULStore.jsm, line 66: Error: Can't find profile directory.
console.log: WebExtensions: reset-default-search: No addons in our list are installed.
ner	INFO	Running command: "C:\\Program Files\\Mozilla Firefox\\firefox.exe" "--marionette" "-foreground" "-no-remote" "-profile" "C:\\Users\\shubh\\AppData\\Local\\Temp\\rust_mozprofileBlRFq0"
console.warn: SearchSettings: "get: No settings file exists, new profile?" (new Error("", "(unknown module)"))
1616671003233	Marionette	INFO	Listening on port 60647
1616671003581	Marionette	WARN	TLS certificate errors will be ignored for this session
JavaScript error: https://www.sanfoundry.com/database-mcqs-relational-database-schema/ line 1 > injectedScript, line 2: TypeError: document.getElementById(...) is null
JavaScript error: resource://gre/modules/XULStore.jsm, line 66: Error: Can't find profile directory.
console.log: WebExtensions: reset-default-search: No addons in our list are installed.
ner	INFO	Running command: "C:\\Program Files\\Mozilla Firefox\\firefox.exe" "--marionette" "-foreground" "-no-remote" "-profile" "C:\\Users\\shubh\\AppData\\Local\\Temp\\rust_mozprofile1Pagp9"
console.warn: SearchSettings: "get: No settings file exists, new profile?" (new Error("", "(unknown module)"))
1616671220668	Marionette	INFO	Listening on port 64721
1616671221030	Marionette	WARN	TLS certificate errors will be ignored for this session
console.error: Region.jsm: "Error fetching region" (new Error("TIMEOUT", "resource://gre/modules/Region.jsm", 772))
console.error: Region.jsm: "Failed to fetch region" (new Error("TIMEOUT", "resource://gre/modules/Region.jsm", 419))
JavaScript error: https://www.sanfoundry.com/database-mcqs-relational-database-schema/ line 1 > injectedScript, line 2: TypeError: document.getElementById(...) is null
console.log: WebExtensions: reset-default-search: No addons in our list are installed.
